[debug] [2022-06-25T23:02:15.992Z] ----------------------------------------------------------------------
[debug] [2022-06-25T23:02:15.994Z] Command:       C:\Program Files\nodejs\node.exe C:\Users\DCL\AppData\Roaming\npm\node_modules\firebase-tools\lib\bin\firebase.js init
[debug] [2022-06-25T23:02:15.994Z] CLI Version:   11.1.0
[debug] [2022-06-25T23:02:15.994Z] Platform:      win32
[debug] [2022-06-25T23:02:15.994Z] Node Version:  v16.13.2
[debug] [2022-06-25T23:02:15.995Z] Time:          Sun Jun 26 2022 05:02:15 GMT+0600 (Bangladesh Standard Time)
[debug] [2022-06-25T23:02:15.995Z] ----------------------------------------------------------------------
[debug] 
[debug] [2022-06-25T23:02:16.002Z] > command requires scopes: ["email","openid","https://www.googleapis.com/auth/cloudplatformprojects.readonly","https://www.googleapis.com/auth/firebase","https://www.googleapis.com/auth/cloud-platform"]
[debug] [2022-06-25T23:02:16.003Z] > authorizing via signed-in user (rockykonok@gmail.com)
[info] 
     ######## #### ########  ######## ########     ###     ######  ########
     ##        ##  ##     ## ##       ##     ##  ##   ##  ##       ##
     ######    ##  ########  ######   ########  #########  ######  ######
     ##        ##  ##    ##  ##       ##     ## ##     ##       ## ##
     ##       #### ##     ## ######## ########  ##     ##  ######  ########

You're about to initialize a Firebase project in this directory:

  C:\project\Restart course\Backend-milston-11\my protfolio recap\my-protfilio

Before we get started, keep in mind:

  * You are currently outside your home directory

[info] 
=== Project Setup
[info] 
[info] First, let's associate this project directory with a Firebase project.
[info] You can create multiple project aliases by running firebase use --add, 
[info] but for now we'll just set up a default project.
[info] 
[info] i  If you want to create a project in a Google Cloud organization or folder, please use "firebase projects:create" instead, and return to this command when you've created the project. 
[debug] [2022-06-25T23:03:23.967Z] > refreshing access token with scopes: []
[debug] [2022-06-25T23:03:23.969Z] >>> [apiv2][query] POST https://www.googleapis.com/oauth2/v3/token [none]
[debug] [2022-06-25T23:03:23.969Z] >>> [apiv2][body] POST https://www.googleapis.com/oauth2/v3/token [omitted]
[debug] [2022-06-25T23:03:24.248Z] <<< [apiv2][status] POST https://www.googleapis.com/oauth2/v3/token 200
[debug] [2022-06-25T23:03:24.248Z] <<< [apiv2][body] POST https://www.googleapis.com/oauth2/v3/token [omitted]
[debug] [2022-06-25T23:03:24.262Z] >>> [apiv2][query] POST https://cloudresourcemanager.googleapis.com/v1/projects [none]
[debug] [2022-06-25T23:03:24.263Z] >>> [apiv2][body] POST https://cloudresourcemanager.googleapis.com/v1/projects {"projectId":"protfilio","name":"protfilio"}
[debug] [2022-06-25T23:03:25.733Z] <<< [apiv2][status] POST https://cloudresourcemanager.googleapis.com/v1/projects 409
[debug] [2022-06-25T23:03:25.733Z] <<< [apiv2][body] POST https://cloudresourcemanager.googleapis.com/v1/projects {"error":{"code":409,"message":"Requested entity already exists","status":"ALREADY_EXISTS"}}
[debug] [2022-06-25T23:03:25.935Z] FirebaseError: HTTP Error: 409, Requested entity already exists
    at responseToError (C:\Users\DCL\AppData\Roaming\npm\node_modules\firebase-tools\lib\responseToError.js:49:12)
    at RetryOperation._fn (C:\Users\DCL\AppData\Roaming\npm\node_modules\firebase-tools\lib\apiv2.js:287:77)
    at processTicksAndRejections (node:internal/process/task_queues:96:5)
[error] 
[error] Error: Failed to create project because there is already a project with ID protfilio. Please try again with a unique project ID.
